<?xml version="1.0" encoding="UTF-8"?>
<testng-results ignored="0" total="1" passed="1" failed="0" skipped="0">
  <reporter-output>
  </reporter-output>
  <suite started-at="2025-03-30T14:02:05 MDT" name="Suite" finished-at="2025-03-30T14:03:29 MDT" duration-ms="84204">
    <groups>
    </groups>
    <test started-at="2025-03-30T14:02:05 MDT" name="Test" finished-at="2025-03-30T14:03:29 MDT" duration-ms="84204">
      <class name="testCases.TC001_AccountRegistrationTest">
        <test-method is-config="true" signature="setUp(java.lang.String,java.lang.String)[pri:0, instance:testCases.TC001_AccountRegistrationTest@723ca036]" started-at="2025-03-30T14:02:05 MDT" name="setUp" finished-at="2025-03-30T14:02:39 MDT" duration-ms="33805" status="PASS">
          <params>
            <param index="0">
              <value>
                <![CDATA[MacOS]]>
              </value>
            </param>
            <param index="1">
              <value>
                <![CDATA[chrome]]>
              </value>
            </param>
          </params>
          <reporter-output>
          </reporter-output>
        </test-method> <!-- setUp -->
        <test-method signature="verify_account_registration()[pri:0, instance:testCases.TC001_AccountRegistrationTest@723ca036]" started-at="2025-03-30T14:02:39 MDT" name="verify_account_registration" finished-at="2025-03-30T14:03:29 MDT" duration-ms="50282" status="PASS">
          <reporter-output>
          </reporter-output>
        </test-method> <!-- verify_account_registration -->
        <test-method is-config="true" signature="tearDown()[pri:0, instance:testCases.TC001_AccountRegistrationTest@723ca036]" started-at="2025-03-30T14:03:29 MDT" name="tearDown" finished-at="2025-03-30T14:03:29 MDT" duration-ms="97" status="PASS">
          <reporter-output>
          </reporter-output>
        </test-method> <!-- tearDown -->
      </class> <!-- testCases.TC001_AccountRegistrationTest -->
    </test> <!-- Test -->
  </suite> <!-- Suite -->
</testng-results>
