<?xml version="1.0" encoding="UTF-8"?>
<testng-results ignored="0" total="1" passed="1" failed="0" skipped="0">
  <reporter-output>
  </reporter-output>
  <suite started-at="2025-05-28T09:25:07 MDT" name="Suite" finished-at="2025-05-28T09:26:17 MDT" duration-ms="70653">
    <groups>
      <group name="Master">
        <method signature="TC005_SRPCarsTest.getTotalSearchResults()[pri:0, instance:testCases.TC005_SRPCarsTest@4a83a74a]" name="getTotalSearchResults" class="testCases.TC005_SRPCarsTest"/>
      </group> <!-- Master -->
      <group name="Sanity">
        <method signature="TC005_SRPCarsTest.getTotalSearchResults()[pri:0, instance:testCases.TC005_SRPCarsTest@4a83a74a]" name="getTotalSearchResults" class="testCases.TC005_SRPCarsTest"/>
      </group> <!-- Sanity -->
    </groups>
    <test started-at="2025-05-28T09:25:07 MDT" name="Test" finished-at="2025-05-28T09:26:17 MDT" duration-ms="70653">
      <class name="testCases.TC005_SRPCarsTest">
        <test-method is-config="true" signature="setUp(java.lang.String,java.lang.String)[pri:0, instance:testCases.TC005_SRPCarsTest@4a83a74a]" started-at="2025-05-28T09:25:07 MDT" name="setUp" finished-at="2025-05-28T09:25:38 MDT" duration-ms="31277" status="PASS">
          <params>
            <param index="0">
              <value>
                <![CDATA[MacOS]]>
              </value>
            </param>
            <param index="1">
              <value>
                <![CDATA[chrome]]>
              </value>
            </param>
          </params>
          <reporter-output>
          </reporter-output>
        </test-method> <!-- setUp -->
        <test-method signature="getTotalSearchResults()[pri:0, instance:testCases.TC005_SRPCarsTest@4a83a74a]" started-at="2025-05-28T09:25:38 MDT" name="getTotalSearchResults" finished-at="2025-05-28T09:26:17 MDT" duration-ms="39131" status="PASS">
          <reporter-output>
          </reporter-output>
        </test-method> <!-- getTotalSearchResults -->
        <test-method is-config="true" signature="tearDown()[pri:0, instance:testCases.TC005_SRPCarsTest@4a83a74a]" started-at="2025-05-28T09:26:17 MDT" name="tearDown" finished-at="2025-05-28T09:26:17 MDT" duration-ms="108" status="PASS">
          <reporter-output>
          </reporter-output>
        </test-method> <!-- tearDown -->
      </class> <!-- testCases.TC005_SRPCarsTest -->
    </test> <!-- Test -->
  </suite> <!-- Suite -->
</testng-results>
