<?xml version="1.0" encoding="UTF-8"?>
<testng-results ignored="0" total="1" passed="1" failed="0" skipped="0">
  <reporter-output>
  </reporter-output>
  <suite started-at="2025-04-21T16:55:42 MDT" name="Suite" finished-at="2025-04-21T17:00:22 MDT" duration-ms="280132">
    <groups>
    </groups>
    <test started-at="2025-04-21T16:55:42 MDT" name="Test" finished-at="2025-04-21T17:00:22 MDT" duration-ms="280132">
      <class name="testCases.TC002_LoginTest">
        <test-method is-config="true" signature="setUp(java.lang.String,java.lang.String)[pri:0, instance:testCases.TC002_LoginTest@723ca036]" started-at="2025-04-21T16:55:42 MDT" name="setUp" finished-at="2025-04-21T16:56:10 MDT" duration-ms="28529" status="PASS">
          <params>
            <param index="0">
              <value>
                <![CDATA[MacOS]]>
              </value>
            </param>
            <param index="1">
              <value>
                <![CDATA[chrome]]>
              </value>
            </param>
          </params>
          <reporter-output>
          </reporter-output>
        </test-method> <!-- setUp -->
        <test-method signature="verify_login()[pri:0, instance:testCases.TC002_LoginTest@723ca036]" started-at="2025-04-21T16:56:10 MDT" name="verify_login" finished-at="2025-04-21T17:00:22 MDT" duration-ms="251287" status="PASS">
          <reporter-output>
          </reporter-output>
        </test-method> <!-- verify_login -->
        <test-method is-config="true" signature="tearDown()[pri:0, instance:testCases.TC002_LoginTest@723ca036]" started-at="2025-04-21T17:00:22 MDT" name="tearDown" finished-at="2025-04-21T17:00:22 MDT" duration-ms="297" status="PASS">
          <reporter-output>
          </reporter-output>
        </test-method> <!-- tearDown -->
      </class> <!-- testCases.TC002_LoginTest -->
    </test> <!-- Test -->
  </suite> <!-- Suite -->
</testng-results>
