<?xml version="1.0" encoding="UTF-8"?>
<testng-results ignored="0" total="1" passed="1" failed="0" skipped="0">
  <reporter-output>
  </reporter-output>
  <suite started-at="2025-05-30T13:00:02 MDT" name="Suite" finished-at="2025-05-30T13:01:05 MDT" duration-ms="62641">
    <groups>
      <group name="Master">
        <method signature="TC005_SRPCarsTest.getTotalSearchResults()[pri:0, instance:testCases.TC005_SRPCarsTest@2a3b5b47]" name="getTotalSearchResults" class="testCases.TC005_SRPCarsTest"/>
      </group> <!-- Master -->
      <group name="Sanity">
        <method signature="TC005_SRPCarsTest.getTotalSearchResults()[pri:0, instance:testCases.TC005_SRPCarsTest@2a3b5b47]" name="getTotalSearchResults" class="testCases.TC005_SRPCarsTest"/>
      </group> <!-- Sanity -->
    </groups>
    <test started-at="2025-05-30T13:00:02 MDT" name="Test" finished-at="2025-05-30T13:01:05 MDT" duration-ms="62641">
      <class name="testCases.TC005_SRPCarsTest">
        <test-method is-config="true" signature="setUp(java.lang.String,java.lang.String)[pri:0, instance:testCases.TC005_SRPCarsTest@2a3b5b47]" started-at="2025-05-30T13:00:02 MDT" name="setUp" finished-at="2025-05-30T13:00:47 MDT" duration-ms="45153" status="PASS">
          <params>
            <param index="0">
              <value>
                <![CDATA[MacOS]]>
              </value>
            </param>
            <param index="1">
              <value>
                <![CDATA[chrome]]>
              </value>
            </param>
          </params>
          <reporter-output>
          </reporter-output>
        </test-method> <!-- setUp -->
        <test-method signature="getTotalSearchResults()[pri:0, instance:testCases.TC005_SRPCarsTest@2a3b5b47]" started-at="2025-05-30T13:00:47 MDT" name="getTotalSearchResults" finished-at="2025-05-30T13:01:05 MDT" duration-ms="17093" status="PASS">
          <reporter-output>
          </reporter-output>
        </test-method> <!-- getTotalSearchResults -->
        <test-method is-config="true" signature="tearDown()[pri:0, instance:testCases.TC005_SRPCarsTest@2a3b5b47]" started-at="2025-05-30T13:01:05 MDT" name="tearDown" finished-at="2025-05-30T13:01:05 MDT" duration-ms="112" status="PASS">
          <reporter-output>
          </reporter-output>
        </test-method> <!-- tearDown -->
      </class> <!-- testCases.TC005_SRPCarsTest -->
    </test> <!-- Test -->
  </suite> <!-- Suite -->
</testng-results>
