<?xml version="1.0" encoding="UTF-8"?>
<testng-results ignored="0" total="2" passed="2" failed="0" skipped="0">
  <reporter-output>
  </reporter-output>
  <suite started-at="2025-06-23T14:45:07 MDT" name="Suite" finished-at="2025-06-23T14:45:37 MDT" duration-ms="29882">
    <groups>
      <group name="Master">
        <method signature="SRPCarsTest.getTotalSearchResults()[pri:0, instance:testCases.SRPCarsTest@4988d8b8]" name="getTotalSearchResults" class="testCases.SRPCarsTest"/>
        <method signature="SRPClassifiedsTest.getTotalSearchResults()[pri:0, instance:testCases.SRPClassifiedsTest@2638011]" name="getTotalSearchResults" class="testCases.SRPClassifiedsTest"/>
      </group> <!-- Master -->
      <group name="Sanity">
        <method signature="SRPCarsTest.getTotalSearchResults()[pri:0, instance:testCases.SRPCarsTest@4988d8b8]" name="getTotalSearchResults" class="testCases.SRPCarsTest"/>
        <method signature="SRPClassifiedsTest.getTotalSearchResults()[pri:0, instance:testCases.SRPClassifiedsTest@2638011]" name="getTotalSearchResults" class="testCases.SRPClassifiedsTest"/>
      </group> <!-- Sanity -->
    </groups>
    <test started-at="2025-06-23T14:45:07 MDT" name="Test" finished-at="2025-06-23T14:45:37 MDT" duration-ms="29882">
      <class name="testCases.SRPCarsTest">
        <test-method is-config="true" signature="setUp(java.lang.String,java.lang.String)[pri:0, instance:testCases.SRPCarsTest@4988d8b8]" started-at="2025-06-23T14:45:07 MDT" name="setUp" finished-at="2025-06-23T14:45:15 MDT" duration-ms="8427" status="PASS">
          <params>
            <param index="0">
              <value>
                <![CDATA[MacOS]]>
              </value>
            </param>
            <param index="1">
              <value>
                <![CDATA[firefox]]>
              </value>
            </param>
          </params>
          <reporter-output>
          </reporter-output>
        </test-method> <!-- setUp -->
        <test-method signature="getTotalSearchResults()[pri:0, instance:testCases.SRPCarsTest@4988d8b8]" started-at="2025-06-23T14:45:15 MDT" name="getTotalSearchResults" finished-at="2025-06-23T14:45:21 MDT" duration-ms="5731" status="PASS">
          <reporter-output>
          </reporter-output>
        </test-method> <!-- getTotalSearchResults -->
        <test-method is-config="true" signature="tearDown()[pri:0, instance:testCases.SRPCarsTest@4988d8b8]" started-at="2025-06-23T14:45:21 MDT" name="tearDown" finished-at="2025-06-23T14:45:22 MDT" duration-ms="631" status="PASS">
          <reporter-output>
          </reporter-output>
        </test-method> <!-- tearDown -->
      </class> <!-- testCases.SRPCarsTest -->
      <class name="testCases.SRPClassifiedsTest">
        <test-method is-config="true" signature="setUp(java.lang.String,java.lang.String)[pri:0, instance:testCases.SRPClassifiedsTest@2638011]" started-at="2025-06-23T14:45:22 MDT" name="setUp" finished-at="2025-06-23T14:45:31 MDT" duration-ms="9523" status="PASS">
          <params>
            <param index="0">
              <value>
                <![CDATA[MacOS]]>
              </value>
            </param>
            <param index="1">
              <value>
                <![CDATA[firefox]]>
              </value>
            </param>
          </params>
          <reporter-output>
          </reporter-output>
        </test-method> <!-- setUp -->
        <test-method signature="getTotalSearchResults()[pri:0, instance:testCases.SRPClassifiedsTest@2638011]" started-at="2025-06-23T14:45:31 MDT" name="getTotalSearchResults" finished-at="2025-06-23T14:45:36 MDT" duration-ms="4865" status="PASS">
          <reporter-output>
          </reporter-output>
        </test-method> <!-- getTotalSearchResults -->
        <test-method is-config="true" signature="tearDown()[pri:0, instance:testCases.SRPClassifiedsTest@2638011]" started-at="2025-06-23T14:45:36 MDT" name="tearDown" finished-at="2025-06-23T14:45:37 MDT" duration-ms="588" status="PASS">
          <reporter-output>
          </reporter-output>
        </test-method> <!-- tearDown -->
      </class> <!-- testCases.SRPClassifiedsTest -->
    </test> <!-- Test -->
  </suite> <!-- Suite -->
</testng-results>
